<?xml version="1.0" encoding="UTF-8"?>
<testsuite name="RI Push Tests"
           tests="3"
           failures="1"
           errors="0"
           skipped="2"
           time="0.002">
  <properties />
            <testcase name="startUp" time="0.000" classname="responsys.TestRIPushApp">
                <failure type="java.lang.AssertionError"
                  message="FAILED to create Android Driver, please check the logs for more details"
              >
<![CDATA[java.lang.AssertionError: FAILED to create Android Driver, please check the logs for more details
  org.testng.Assert.fail(Assert.java:94)
  core.Report.fail(Report.java:22)
  base.DriverManager.createDriver(DriverManager.java:62)
  responsys.TestRIPushApp.startUp(TestRIPushApp.java:23)
  sun.reflect.NativeMethodAccessorImpl.invoke0(Native Method)
  sun.reflect.NativeMethodAccessorImpl.invoke(NativeMethodAccessorImpl.java:62)
  sun.reflect.DelegatingMethodAccessorImpl.invoke(DelegatingMethodAccessorImpl.java:43)
  java.lang.reflect.Method.invoke(Method.java:498)
  org.testng.internal.MethodInvocationHelper.invokeMethod(MethodInvocationHelper.java:80)
  org.testng.internal.Invoker.invokeConfigurationMethod(Invoker.java:564)
  org.testng.internal.Invoker.invokeConfigurations(Invoker.java:213)
  org.testng.internal.Invoker.invokeConfigurations(Invoker.java:138)
  org.testng.SuiteRunner.privateRun(SuiteRunner.java:277)
  org.testng.SuiteRunner.run(SuiteRunner.java:240)
  org.testng.SuiteRunnerWorker.runSuite(SuiteRunnerWorker.java:52)
  org.testng.SuiteRunnerWorker.run(SuiteRunnerWorker.java:86)
  org.testng.TestNG.runSuitesSequentially(TestNG.java:1198)
  org.testng.TestNG.runSuitesLocally(TestNG.java:1123)
  org.testng.TestNG.run(TestNG.java:1031)
  org.testng.remote.AbstractRemoteTestNG.run(AbstractRemoteTestNG.java:114)
  org.testng.remote.RemoteTestNG.initAndRun(RemoteTestNG.java:251)
  org.testng.remote.RemoteTestNG.main(RemoteTestNG.java:77)
]]>
      </failure>

          </testcase>
  
            <testcase name="tearDown" time="0.0" classname="responsys.TestRIPushApp">
          <skipped />
    </testcase>
            <testcase name="testRIApp" time="0.0" classname="responsys.TestRIPushApp">
          <skipped />
    </testcase>
  
  
</testsuite>
